C:\Users\ty\Desktop\ccode\c_code\ccode\ccode\x64\Debug\add.obj
C:\Users\ty\Desktop\ccode\c_code\ccode\ccode\x64\Debug\ccode.exe.intermediate.manifest
C:\Users\ty\Desktop\ccode\c_code\ccode\ccode\x64\Debug\ccode.vcxprojResolveAssemblyReference.cache
C:\Users\ty\Desktop\ccode\c_code\ccode\ccode\x64\Debug\ccode.write.1.tlog
C:\Users\ty\Desktop\ccode\c_code\ccode\ccode\x64\Debug\cl.command.1.tlog
C:\Users\ty\Desktop\ccode\c_code\ccode\ccode\x64\Debug\CL.read.1.tlog
C:\Users\ty\Desktop\ccode\c_code\ccode\ccode\x64\Debug\CL.write.1.tlog
C:\Users\ty\Desktop\ccode\c_code\ccode\ccode\x64\Debug\hello.obj
C:\Users\ty\Desktop\ccode\c_code\ccode\ccode\x64\Debug\link.command.1.tlog
C:\Users\ty\Desktop\ccode\c_code\ccode\ccode\x64\Debug\link.read.1.tlog
C:\Users\ty\Desktop\ccode\c_code\ccode\ccode\x64\Debug\link.write.1.tlog
C:\Users\ty\Desktop\ccode\c_code\ccode\ccode\x64\Debug\mt.command.1.tlog
C:\Users\ty\Desktop\ccode\c_code\ccode\ccode\x64\Debug\mt.read.1.tlog
C:\Users\ty\Desktop\ccode\c_code\ccode\ccode\x64\Debug\mt.write.1.tlog
C:\Users\ty\Desktop\ccode\c_code\ccode\ccode\x64\Debug\vc100.idb
C:\Users\ty\Desktop\ccode\c_code\ccode\ccode\x64\Debug\vc100.pdb
C:\Users\ty\Desktop\ccode\c_code\ccode\ccode\x64\Debug\初识C语言.obj
C:\Users\ty\Desktop\ccode\c_code\ccode\x64\Debug\ccode.exe
C:\Users\ty\Desktop\ccode\c_code\ccode\x64\Debug\ccode.ilk
C:\Users\ty\Desktop\ccode\c_code\ccode\x64\Debug\ccode.pdb
D:\DESKTOP\C_CODE\CCODE\CCODE\X64\DEBUG\ADD.OBJ
D:\DESKTOP\C_CODE\CCODE\CCODE\X64\DEBUG\CCODE.EXE.INTERMEDIATE.MANIFEST
D:\DESKTOP\C_CODE\CCODE\CCODE\X64\DEBUG\HELLO.OBJ
D:\DESKTOP\C_CODE\CCODE\CCODE\X64\DEBUG\VC100.PDB
D:\DESKTOP\C_CODE\CCODE\CCODE\X64\DEBUG\初识C语言.OBJ
D:\DESKTOP\C_CODE\CCODE\X64\DEBUG\CCODE.EXE
D:\DESKTOP\C_CODE\CCODE\X64\DEBUG\CCODE.ILK
D:\DESKTOP\C_CODE\CCODE\X64\DEBUG\CCODE.PDB
